#
# A fatal error has been detected by the Java Runtime Environment:
#
#  Internal Error (nmethod.cpp:1847), pid=4236, tid=3077835632
#  Error: guarantee(cont_offset != 0,"unhandled implicit exception in compiled code")
#
# JRE version: 6.0_18-b18
# Java VM: OpenJDK Server VM (16.0-b13 mixed mode linux-x86 )
# Derivative: IcedTea6 1.8.1
# Distribution: Ubuntu 10.04 LTS, package 6b18-1.8.1-0ubuntu1
# If you would like to submit a bug report, please include
# instructions how to reproduce the bug and visit:
#   https://bugs.launchpad.net/ubuntu/+source/openjdk-6/
#

---------------  T H R E A D  ---------------

Current thread (0x097bb800):  JavaThread "main" [_thread_in_Java, id=4249, stack(0xb76f0000,0xb7741000)]

Stack: [0xb76f0000,0xb7741000],  sp=0xb77315f0,  free space=105b7731644k
Native frames: (J=compiled Java code, j=interpreted, Vv=VM code, C=native code)
V  [libjvm.so+0x5eb585]
V  [libjvm.so+0x5eb7fc]
V  [libjvm.so+0x25acab]
V  [libjvm.so+0x4af440]
V  [libjvm.so+0x5367dd]
V  [libjvm.so+0x4cf312]
V  [libjvm.so+0x4c9446]


---------------  P R O C E S S  ---------------

Java Threads: ( => current thread )
  0x864e5800 JavaThread "Compass Scheduled Executor Thread" daemon [_thread_blocked, id=4292, stack(0x8670d000,0x8675e000)]
  0x86f4c000 JavaThread "Compass Scheduled Executor Thread" daemon [_thread_blocked, id=4291, stack(0x8675e000,0x867af000)]
  0x8662a400 JavaThread "Store org.hibernate.cache.StandardQueryCache Spool Thread" daemon [_thread_blocked, id=4287, stack(0x867af000,0x86800000)]
  0x87102400 JavaThread "Store org.hibernate.cache.UpdateTimestampsCache Spool Thread" daemon [_thread_blocked, id=4286, stack(0x87203000,0x87254000)]
  0x86419800 JavaThread "Store dbnp.authentication.SecRole Spool Thread" daemon [_thread_blocked, id=4285, stack(0x87254000,0x872a5000)]
  0x871d0800 JavaThread "Store OntologyServiceCache Spool Thread" daemon [_thread_blocked, id=4284, stack(0x875a8000,0x875f9000)]
  0x87393000 JavaThread "Store EternalServiceCache Spool Thread" daemon [_thread_blocked, id=4283, stack(0x87c2b000,0x87c7c000)]
  0x86490800 JavaThread "net.sf.ehcache.CacheManager@91a129" daemon [_thread_blocked, id=4282, stack(0x87afb000,0x87b4c000)]
  0x87107c00 JavaThread "RMI TCP Accept-38829" daemon [_thread_in_native, id=4281, stack(0x87b9d000,0x87bee000)]
  0x86f65c00 JavaThread "Multicast Heartbeat Sender Thread" daemon [_thread_blocked, id=4280, stack(0x87aaa000,0x87afb000)]
  0x873f4800 JavaThread "Multicast Heartbeat Receiver Thread" daemon [_thread_in_native, id=4279, stack(0x87b4c000,0x87b9d000)]
  0x0985f800 JavaThread "Low Memory Detector" daemon [_thread_blocked, id=4258, stack(0x87def000,0x87e40000)]
  0x0985c800 JavaThread "CompilerThread1" daemon [_thread_in_native, id=4257, stack(0x87e40000,0x87ec1000)]
  0x0985a800 JavaThread "CompilerThread0" daemon [_thread_in_native, id=4256, stack(0x87ec1000,0x87f42000)]
  0x09859000 JavaThread "Signal Dispatcher" daemon [_thread_blocked, id=4255, stack(0x87f42000,0x87f93000)]
  0x09844800 JavaThread "Finalizer" daemon [_thread_blocked, id=4254, stack(0x87fd9000,0x8802a000)]
  0x09843000 JavaThread "Reference Handler" daemon [_thread_blocked, id=4253, stack(0x8802a000,0x8807b000)]
=>0x097bb800 JavaThread "main" [_thread_in_Java, id=4249, stack(0xb76f0000,0xb7741000)]

Other Threads:
  0x09840400 VMThread [stack: 0x8807b000,0x880fc000] [id=4252]
  0x09861400 WatcherThread [stack: 0x87d6e000,0x87def000] [id=4259]

VM state:not at safepoint (normal execution)

VM Mutex/Monitor currently owned by a thread: None

Heap
 PSYoungGen      total 141824K, used 81093K [0xa9b90000, 0xb4630000, 0xb4630000)
  eden space 115072K, 49% used [0xa9b90000,0xad32c128,0xb0bf0000)
  from space 26752K, 90% used [0xb2c10000,0xb43a53b8,0xb4630000)
  to   space 29824K, 0% used [0xb0bf0000,0xb0bf0000,0xb2910000)
 PSOldGen        total 130944K, used 83297K [0x94630000, 0x9c610000, 0xa9b90000)
  object space 130944K, 63% used [0x94630000,0x997887c8,0x9c610000)
 PSPermGen       total 73344K, used 56720K [0x88630000, 0x8cdd0000, 0x94630000)
  object space 73344K, 77% used [0x88630000,0x8bd94008,0x8cdd0000)

Dynamic libraries:
00110000-00263000 r-xp 00000000 08:06 1057858    /lib/tls/i686/cmov/libc-2.11.1.so
00263000-00264000 ---p 00153000 08:06 1057858    /lib/tls/i686/cmov/libc-2.11.1.so
00264000-00266000 r--p 00153000 08:06 1057858    /lib/tls/i686/cmov/libc-2.11.1.so
00266000-00267000 rw-p 00155000 08:06 1057858    /lib/tls/i686/cmov/libc-2.11.1.so
00267000-0026a000 rw-p 00000000 00:00 0 
0026a000-0028e000 r-xp 00000000 08:06 1057862    /lib/tls/i686/cmov/libm-2.11.1.so
0028e000-0028f000 r--p 00023000 08:06 1057862    /lib/tls/i686/cmov/libm-2.11.1.so
0028f000-00290000 rw-p 00024000 08:06 1057862    /lib/tls/i686/cmov/libm-2.11.1.so
00290000-0029c000 r-xp 00000000 08:06 4204808    /usr/lib/jvm/java-6-openjdk/jre/lib/i386/libverify.so
0029c000-0029d000 r--p 0000b000 08:06 4204808    /usr/lib/jvm/java-6-openjdk/jre/lib/i386/libverify.so
0029d000-0029e000 rw-p 0000c000 08:06 4204808    /usr/lib/jvm/java-6-openjdk/jre/lib/i386/libverify.so
0029e000-002a5000 r-xp 00000000 08:06 4204811    /usr/lib/jvm/java-6-openjdk/jre/lib/i386/native_threads/libhpi.so
002a5000-002a6000 r--p 00006000 08:06 4204811    /usr/lib/jvm/java-6-openjdk/jre/lib/i386/native_threads/libhpi.so
002a6000-002a7000 rw-p 00007000 08:06 4204811    /usr/lib/jvm/java-6-openjdk/jre/lib/i386/native_threads/libhpi.so
002a7000-002af000 r-xp 00000000 08:06 1057869    /lib/tls/i686/cmov/libnss_nis-2.11.1.so
002af000-002b0000 r--p 00007000 08:06 1057869    /lib/tls/i686/cmov/libnss_nis-2.11.1.so
002b0000-002b1000 rw-p 00008000 08:06 1057869    /lib/tls/i686/cmov/libnss_nis-2.11.1.so
0032f000-00342000 r-xp 00000000 08:06 1057864    /lib/tls/i686/cmov/libnsl-2.11.1.so
00342000-00343000 r--p 00012000 08:06 1057864    /lib/tls/i686/cmov/libnsl-2.11.1.so
00343000-00344000 rw-p 00013000 08:06 1057864    /lib/tls/i686/cmov/libnsl-2.11.1.so
00344000-00346000 rw-p 00000000 00:00 0 
00613000-00619000 r-xp 00000000 08:06 4204798    /usr/lib/jvm/java-6-openjdk/jre/lib/i386/libmanagement.so
00619000-0061a000 r--p 00005000 08:06 4204798    /usr/lib/jvm/java-6-openjdk/jre/lib/i386/libmanagement.so
0061a000-0061b000 rw-p 00006000 08:06 4204798    /usr/lib/jvm/java-6-openjdk/jre/lib/i386/libmanagement.so
00792000-00799000 r-xp 00000000 08:06 1057874    /lib/tls/i686/cmov/librt-2.11.1.so
00799000-0079a000 r--p 00006000 08:06 1057874    /lib/tls/i686/cmov/librt-2.11.1.so
0079a000-0079b000 rw-p 00007000 08:06 1057874    /lib/tls/i686/cmov/librt-2.11.1.so
007ef000-007f2000 r-xp 00000000 08:06 4204776    /usr/lib/jvm/java-6-openjdk/jre/lib/i386/jli/libjli.so
007f2000-007f3000 r--p 00003000 08:06 4204776    /usr/lib/jvm/java-6-openjdk/jre/lib/i386/jli/libjli.so
007f3000-007f4000 rw-p 00004000 08:06 4204776    /usr/lib/jvm/java-6-openjdk/jre/lib/i386/jli/libjli.so
0085b000-00862000 r-xp 00000000 08:06 4204809    /usr/lib/jvm/java-6-openjdk/jre/lib/i386/libzip.so
00862000-00863000 r--p 00006000 08:06 4204809    /usr/lib/jvm/java-6-openjdk/jre/lib/i386/libzip.so
00863000-00864000 rw-p 00007000 08:06 4204809    /usr/lib/jvm/java-6-openjdk/jre/lib/i386/libzip.so
0092c000-00950000 r-xp 00000000 08:06 4204790    /usr/lib/jvm/java-6-openjdk/jre/lib/i386/libjava.so
00950000-00951000 r--p 00023000 08:06 4204790    /usr/lib/jvm/java-6-openjdk/jre/lib/i386/libjava.so
00951000-00953000 rw-p 00024000 08:06 4204790    /usr/lib/jvm/java-6-openjdk/jre/lib/i386/libjava.so
00a5a000-00a6e000 r-xp 00000000 08:06 4204800    /usr/lib/jvm/java-6-openjdk/jre/lib/i386/libnet.so
00a6e000-00a6f000 r--p 00013000 08:06 4204800    /usr/lib/jvm/java-6-openjdk/jre/lib/i386/libnet.so
00a6f000-00a70000 rw-p 00014000 08:06 4204800    /usr/lib/jvm/java-6-openjdk/jre/lib/i386/libnet.so
00af6000-00af8000 r-xp 00000000 08:06 1057861    /lib/tls/i686/cmov/libdl-2.11.1.so
00af8000-00af9000 r--p 00001000 08:06 1057861    /lib/tls/i686/cmov/libdl-2.11.1.so
00af9000-00afa000 rw-p 00002000 08:06 1057861    /lib/tls/i686/cmov/libdl-2.11.1.so
00c75000-00c7f000 r-xp 00000000 08:06 1057867    /lib/tls/i686/cmov/libnss_files-2.11.1.so
00c7f000-00c80000 r--p 00009000 08:06 1057867    /lib/tls/i686/cmov/libnss_files-2.11.1.so
00c80000-00c81000 rw-p 0000a000 08:06 1057867    /lib/tls/i686/cmov/libnss_files-2.11.1.so
00d25000-00d3a000 r-xp 00000000 08:06 1057872    /lib/tls/i686/cmov/libpthread-2.11.1.so
00d3a000-00d3b000 r--p 00014000 08:06 1057872    /lib/tls/i686/cmov/libpthread-2.11.1.so
00d3b000-00d3c000 rw-p 00015000 08:06 1057872    /lib/tls/i686/cmov/libpthread-2.11.1.so
00d3c000-00d3e000 rw-p 00000000 00:00 0 
00d66000-00d6c000 r-xp 00000000 08:06 1057865    /lib/tls/i686/cmov/libnss_compat-2.11.1.so
00d6c000-00d6d000 r--p 00006000 08:06 1057865    /lib/tls/i686/cmov/libnss_compat-2.11.1.so
00d6d000-00d6e000 rw-p 00007000 08:06 1057865    /lib/tls/i686/cmov/libnss_compat-2.11.1.so
00dc3000-00dde000 r-xp 00000000 08:06 930208     /lib/ld-2.11.1.so
00dde000-00ddf000 r--p 0001a000 08:06 930208     /lib/ld-2.11.1.so
00ddf000-00de0000 rw-p 0001b000 08:06 930208     /lib/ld-2.11.1.so
00e1f000-00e32000 r-xp 00000000 08:06 917702     /lib/libz.so.1.2.3.3
00e32000-00e33000 r--p 00012000 08:06 917702     /lib/libz.so.1.2.3.3
00e33000-00e34000 rw-p 00013000 08:06 917702     /lib/libz.so.1.2.3.3
00e56000-00e57000 r-xp 00000000 00:00 0          [vdso]
00e57000-014b9000 r-xp 00000000 08:06 4204813    /usr/lib/jvm/java-6-openjdk/jre/lib/i386/server/libjvm.so
014b9000-014fd000 r--p 00661000 08:06 4204813    /usr/lib/jvm/java-6-openjdk/jre/lib/i386/server/libjvm.so
014fd000-0150c000 rw-p 006a5000 08:06 4204813    /usr/lib/jvm/java-6-openjdk/jre/lib/i386/server/libjvm.so
0150c000-0192a000 rw-p 00000000 00:00 0 
08048000-08051000 r-xp 00000000 08:06 4204843    /usr/lib/jvm/java-6-openjdk/jre/bin/java
08051000-08052000 r--p 00008000 08:06 4204843    /usr/lib/jvm/java-6-openjdk/jre/bin/java
08052000-08053000 rw-p 00009000 08:06 4204843    /usr/lib/jvm/java-6-openjdk/jre/bin/java
097b5000-0b98a000 rw-p 00000000 00:00 0          [heap]
83c00000-83cf4000 rw-p 00000000 00:00 0 
83cf4000-83d00000 ---p 00000000 00:00 0 
83e00000-83efc000 rw-p 00000000 00:00 0 
83efc000-83f00000 ---p 00000000 00:00 0 
83f00000-83fe0000 rw-p 00000000 00:00 0 
83fe0000-84000000 ---p 00000000 00:00 0 
84000000-84100000 rw-p 00000000 00:00 0 
84300000-844f9000 rw-p 00000000 00:00 0 
844f9000-84500000 ---p 00000000 00:00 0 
84500000-845de000 rw-p 00000000 00:00 0 
845de000-84600000 ---p 00000000 00:00 0 
84700000-847fd000 rw-p 00000000 00:00 0 
847fd000-84800000 ---p 00000000 00:00 0 
84800000-84900000 rw-p 00000000 00:00 0 
84900000-849f6000 rw-p 00000000 00:00 0 
849f6000-84a00000 ---p 00000000 00:00 0 
84a00000-84afe000 rw-p 00000000 00:00 0 
84afe000-84b00000 ---p 00000000 00:00 0 
84b00000-84bfc000 rw-p 00000000 00:00 0 
84bfc000-84c00000 ---p 00000000 00:00 0 
84c00000-84cef000 rw-p 00000000 00:00 0 
84cef000-84d00000 ---p 00000000 00:00 0 
84d00000-84ef8000 rw-p 00000000 00:00 0 
84ef8000-84f00000 ---p 00000000 00:00 0 
84f00000-84ff9000 rw-p 00000000 00:00 0 
84ff9000-85000000 ---p 00000000 00:00 0 
85000000-850e2000 rw-p 00000000 00:00 0 
850e2000-85100000 ---p 00000000 00:00 0 
85100000-851ff000 rw-p 00000000 00:00 0 
851ff000-85200000 ---p 00000000 00:00 0 
85200000-852df000 rw-p 00000000 00:00 0 
852df000-85300000 ---p 00000000 00:00 0 
85300000-853ea000 rw-p 00000000 00:00 0 
853ea000-85400000 ---p 00000000 00:00 0 
85400000-85500000 rw-p 00000000 00:00 0 
85500000-855f8000 rw-p 00000000 00:00 0 
855f8000-85600000 ---p 00000000 00:00 0 
85600000-85700000 rw-p 00000000 00:00 0 
85700000-857f9000 rw-p 00000000 00:00 0 
857f9000-85800000 ---p 00000000 00:00 0 
85900000-85a00000 rw-p 00000000 00:00 0 
85a00000-85aff000 rw-p 00000000 00:00 0 
85aff000-85b00000 ---p 00000000 00:00 0 
85b00000-85bfb000 rw-p 00000000 00:00 0 
85bfb000-85c00000 ---p 00000000 00:00 0 
85c00000-85d00000 rw-p 00000000 00:00 0 
85d00000-85de7000 rw-p 00000000 00:00 0 
85de7000-85e00000 ---p 00000000 00:00 0 
85e00000-85ee2000 rw-p 00000000 00:00 0 
85ee2000-85f00000 ---p 00000000 00:00 0 
85f00000-85ff6000 rw-p 00000000 00:00 0 
85ff6000-86000000 ---p 00000000 00:00 0 
86000000-860f5000 rw-p 00000000 00:00 0 
860f5000-86100000 ---p 00000000 00:00 0 
86100000-861fa000 rw-p 00000000 00:00 0 
861fa000-86200000 ---p 00000000 00:00 0 
86200000-862de000 rw-p 00000000 00:00 0 
862de000-86300000 ---p 00000000 00:00 0 
86300000-863f8000 rw-p 00000000 00:00 0 
863f8000-86400000 ---p 00000000 00:00 0 
86400000-864ff000 rw-p 00000000 00:00 0 
864ff000-86500000 ---p 00000000 00:00 0 
865af000-865b2000 ---p 00000000 00:00 0 
865b2000-86600000 rw-p 00000000 00:00 0 
86600000-866f9000 rw-p 00000000 00:00 0 
866f9000-86700000 ---p 00000000 00:00 0 
8670d000-86710000 ---p 00000000 00:00 0 
86710000-8675e000 rw-p 00000000 00:00 0 
8675e000-86761000 ---p 00000000 00:00 0 
86761000-867af000 rw-p 00000000 00:00 0 
867af000-867b2000 ---p 00000000 00:00 0 
867b2000-86800000 rw-p 00000000 00:00 0 
86800000-86a00000 rw-p 00000000 00:00 0 
86a00000-86af5000 rw-p 00000000 00:00 0 
86af5000-86b00000 ---p 00000000 00:00 0 
86b00000-86bdc000 rw-p 00000000 00:00 0 
86bdc000-86c00000 ---p 00000000 00:00 0 
86c00000-86cff000 rw-p 00000000 00:00 0 
86cff000-86d00000 ---p 00000000 00:00 0 
86d00000-86dfb000 rw-p 00000000 00:00 0 
86dfb000-86e00000 ---p 00000000 00:00 0 
86e00000-86ef8000 rw-p 00000000 00:00 0 
86ef8000-86f00000 ---p 00000000 00:00 0 
86f00000-86fff000 rw-p 00000000 00:00 0 
86fff000-87000000 ---p 00000000 00:00 0 
87000000-870ff000 rw-p 00000000 00:00 0 
870ff000-87100000 ---p 00000000 00:00 0 
87100000-871fd000 rw-p 00000000 00:00 0 
871fd000-87200000 ---p 00000000 00:00 0 
87203000-87206000 ---p 00000000 00:00 0 
87206000-87254000 rw-p 00000000 00:00 0 
87254000-87257000 ---p 00000000 00:00 0 
87257000-872a5000 rw-p 00000000 00:00 0 
872a5000-872a7000 r--s 00007000 08:06 2886216    /home/robert/.grails/1.3.5/projects/gscf/plugins/db-util-0.4/lib/commons-dbutils-1.1.jar
872a7000-872ab000 r--s 00020000 08:06 2626695    /home/robert/.grails/1.3.5/projects/gscf/plugins/searchable-0.5.5.1/lib/lucene-analyzers.jar
872ab000-872ad000 r--s 0001a000 08:06 2626748    /home/robert/.grails/1.3.5/projects/gscf/plugins/searchable-0.5.5.1/lib/lucene-snowball.jar
872ad000-872cf000 r--s 001e1000 08:06 2626713    /home/robert/.grails/1.3.5/projects/gscf/plugins/searchable-0.5.5.1/lib/compass-2.1.0-src.jar
872cf000-87300000 r--s 001e7000 08:06 2626728    /home/robert/.grails/1.3.5/projects/gscf/plugins/searchable-0.5.5.1/lib/compass-2.1.0.jar
87300000-873ff000 rw-p 00000000 00:00 0 
873ff000-87400000 ---p 00000000 00:00 0 
87406000-87407000 r--p 00000000 00:00 0 
87407000-8740a000 r--s 00014000 08:06 2626730    /home/robert/.grails/1.3.5/projects/gscf/plugins/searchable-0.5.5.1/lib/lucene-highlighter.jar
8740a000-8740c000 r--s 00007000 08:06 2626741    /home/robert/.grails/1.3.5/projects/gscf/plugins/searchable-0.5.5.1/lib/lucene-queries.jar
8740c000-87419000 r--s 000bb000 08:06 2626714    /home/robert/.grails/1.3.5/projects/gscf/plugins/searchable-0.5.5.1/lib/lucene-core.jar
87419000-87424000 r--s 0009e000 08:06 1186277    /home/robert/.grails/1.3.5/projects/gscf/plugins/tomcat-1.3.5/lib/tomcat-jasper.jar
87424000-87425000 r--s 0000b000 08:06 1186281    /home/robert/.grails/1.3.5/projects/gscf/plugins/tomcat-1.3.5/lib/catalina-ant.jar
87425000-87426000 r--s 00000000 08:06 1186280    /home/robert/.grails/1.3.5/projects/gscf/plugins/tomcat-1.3.5/lib/grails-tomcat-plugin-1.0.jar
87426000-87427000 r--s 00005000 08:06 1186274    /home/robert/.grails/1.3.5/projects/gscf/plugins/tomcat-1.3.5/lib/tomcat-juli-adapters.jar
87427000-8742b000 r--s 0002d000 08:06 1186275    /home/robert/.grails/1.3.5/projects/gscf/plugins/tomcat-1.3.5/lib/tomcat-dbcp.jar
8742b000-87446000 r--s 001d5000 08:06 1186278    /home/robert/.grails/1.3.5/projects/gscf/plugins/tomcat-1.3.5/lib/tomcat-core.jar
87446000-87448000 r--s 0000d000 08:06 1186273    /home/robert/.grails/1.3.5/projects/gscf/plugins/tomcat-1.3.5/lib/tomcat-juli.jar
87448000-87454000 r--s 00149000 08:06 1186279    /home/robert/.grails/1.3.5/projects/gscf/plugins/tomcat-1.3.5/lib/jasper-jdt.jar
87454000-87456000 r--s 0000c000 08:06 1186254    /home/robert/.grails/1.3.5/projects/gscf/plugins/mail-0.9/lib/activation.jar
87456000-8745c000 r--s 00055000 08:06 1186270    /home/robert/.grails/1.3.5/projects/gscf/plugins/mail-0.9/lib/mail.jar
8745c000-87460000 r--s 00025000 08:06 1447425    /home/robert/.grails/1.3.5/projects/gscf/plugins/crypto-2.0/lib/bcpg-jdk15-141.jar
87460000-87483000 r--s 0016c000 08:06 1447450    /home/robert/.grails/1.3.5/projects/gscf/plugins/crypto-2.0/lib/bcprov-ext-jdk15-141.jar
87483000-87484000 r--s 00001000 08:06 929905     /home/robert/.ivy2/cache/dumbster/dumbster/jars/dumbster-1.6.jar
87484000-8748b000 r--s 0006a000 08:06 1057584    /home/robert/.ivy2/cache/org.grails/grails-test/jars/grails-test-1.3.5.jar
8748b000-87491000 r--s 00034000 08:06 1056757    /home/robert/.ivy2/cache/junit/junit/jars/junit-4.8.1.jar
87491000-87498000 r--s 00033000 08:06 1710541    /home/robert/.ivy2/cache/org.springframework.security/org.springframework.security.web/jars/org.springframework.security.web-3.0.3.RELEASE.jar
87498000-874a2000 r--s 00042000 08:06 1710539    /home/robert/.ivy2/cache/org.springframework.security/org.springframework.security.core/jars/org.springframework.security.core-3.0.3.RELEASE.jar
874a2000-874a4000 r--s 0000d000 08:06 1710524    /home/robert/.ivy2/cache/commons-logging/commons-logging/jars/commons-logging-1.1.1.jar
874a4000-874ac000 r--s 00040000 08:06 1710522    /home/robert/.ivy2/cache/org.apache.httpcomponents/httpclient/jars/httpclient-4.0.1.jar
874ac000-874b1000 r--s 00026000 08:06 1710520    /home/robert/.ivy2/cache/org.apache.httpcomponents/httpcore/jars/httpcore-4.0.1.jar
874b1000-874b2000 r--s 00001000 08:06 1710518    /home/robert/.ivy2/cache/oauth.signpost/signpost-commonshttp4/jars/signpost-commonshttp4-1.2.1.1.jar
874b2000-874b4000 r--s 00009000 08:06 1579840    /home/robert/.ivy2/cache/oauth.signpost/signpost-core/jars/signpost-core-1.2.1.1.jar
874b4000-874b7000 r--s 00038000 08:06 1185835    /home/robert/.ivy2/cache/ognl/ognl/jars/ognl-2.7.3.jar
874b7000-874b8000 r--s 00001000 08:06 1183990    /home/robert/.ivy2/cache/org.hibernate/hibernate-ehcache/jars/hibernate-ehcache-3.3.1.GA.jar
874b8000-874bd000 r--s 00048000 08:06 1183988    /home/robert/.ivy2/cache/dom4j/dom4j/jars/dom4j-1.6.1.jar
874bd000-874c3000 r--s 00067000 08:06 1183986    /home/robert/.ivy2/cache/antlr/antlr/jars/antlr-2.7.6.jar
874c3000-874cb000 r--s 0008e000 08:06 1183984    /home/robert/.ivy2/cache/javassist/javassist/jars/javassist-3.11.0.GA.jar
874cb000-874cd000 r--s 00005000 08:06 1056755    /home/robert/.ivy2/cache/xpp3/xpp3_min/jars/xpp3_min-1.1.3.4.O.jar
874cd000-874d6000 r--s 00058000 08:06 1056753    /home/robert/.ivy2/cache/apache-taglibs/standard/jars/standard-1.1.2.jar
874d6000-874d8000 r--s 00000000 08:06 1056750    /home/robert/.ivy2/cache/org.slf4j/jul-to-slf4j/jars/jul-to-slf4j-1.5.8.jar
874d8000-874da000 r--s 00003000 08:06 1056748    /home/robert/.ivy2/cache/org.slf4j/jcl-over-slf4j/jars/jcl-over-slf4j-1.5.8.jar
874da000-874e3000 r--s 0006d000 08:06 1057583    /home/robert/.ivy2/cache/log4j/log4j/jars/log4j-1.2.16.jar
874e3000-874e9000 r--s 0003d000 08:06 1056744    /home/robert/.ivy2/cache/net.sf.ehcache/ehcache-core/jars/ehcache-core-1.7.1.jar
874e9000-874f2000 r--s 000a4000 08:06 1056742    /home/robert/.ivy2/cache/hsqldb/hsqldb/jars/hsqldb-1.8.0.10.jar
874f2000-874f5000 r--s 00015000 08:06 1056714    /home/robert/.ivy2/cache/commons-pool/commons-pool/jars/commons-pool-1.5.3.jar
874f5000-874f7000 r--s 0001c000 08:06 1056709    /home/robert/.ivy2/cache/commons-dbcp/commons-dbcp/jars/commons-dbcp-1.2.2.jar
874f7000-874f9000 r--s 00004000 08:06 1056701    /home/robert/.ivy2/cache/javax.servlet/jstl/jars/jstl-1.1.2.jar
874f9000-874fb000 r--s 0000e000 08:06 1056691    /home/robert/.ivy2/cache/oro/oro/jars/oro-2.0.8.jar
874fb000-874fe000 r--s 0000c000 08:06 1056685    /home/robert/.ivy2/cache/commons-fileupload/commons-fileupload/jars/commons-fileupload-1.2.1.jar
874fe000-87505000 r--s 00049000 08:06 1056683    /home/robert/.ivy2/cache/cglib/cglib-nodep/jars/cglib-nodep-2.1_3.jar
87505000-8750a000 r--s 00018000 08:06 1056681    /home/robert/.ivy2/cache/org.aspectj/aspectjrt/jars/aspectjrt-1.6.8.jar
8750a000-87520000 r--s 00178000 08:06 1056679    /home/robert/.ivy2/cache/org.aspectj/aspectjweaver/jars/aspectjweaver-1.6.8.jar
87520000-87539000 r--s 0010e000 08:06 1446601    /home/robert/.ivy2/cache/org.springframework.webflow/org.springframework.js/jars/org.springframework.js-2.0.8.RELEASE.jar
87539000-87565000 r--s 00278000 08:06 1183978    /home/robert/.ivy2/cache/org.hibernate/hibernate-core/jars/hibernate-core-3.3.1.GA.jar
8758c000-8759a000 r--s 00351000 08:06 4196284    /usr/lib/jvm/java-6-openjdk/jre/lib/charsets.jar
8759a000-875a8000 r--s 00351000 08:06 4196284    /usr/lib/jvm/java-6-openjdk/jre/lib/charsets.jar
875a8000-875ab000 ---p 00000000 00:00 0 
875ab000-875f9000 rw-p 00000000 00:00 0 
875f9000-87600000 r--s 00101000 08:06 4196317    /usr/lib/jvm/java-6-openjdk/jre/lib/resources.jar
87600000-877e8000 rw-p 00000000 00:00 0 
877e8000-87800000 ---p 00000000 00:00 0 
87800000-878f9000 rw-p 00000000 00:00 0 
878f9000-87900000 ---p 00000000 00:00 0 
87900000-87901000 r--s 00004000 08:06 2626698    /home/robert/.grails/1.3.5/projects/gscf/plugins/searchable-0.5.5.1/lib/lucene-spellchecker.jar
87901000-87907000 r--s 00021000 08:06 1446599    /home/robert/.ivy2/cache/org.springframework.webflow/org.springframework.binding/jars/org.springframework.binding-2.0.8.RELEASE.jar
87907000-87914000 r--s 00072000 08:06 1185833    /home/robert/.ivy2/cache/org.springframework.webflow/org.springframework.webflow/jars/org.springframework.webflow-2.0.8.RELEASE.jar
87914000-87917000 r--s 00020000 08:06 1186284    /home/robert/.ivy2/cache/org.grails/grails-webflow/jars/grails-webflow-1.3.5.jar
87917000-8791c000 r--s 00040000 08:06 1183982    /home/robert/.ivy2/cache/org.hibernate/hibernate-annotations/jars/hibernate-annotations-3.4.0.GA.jar
8791c000-8791f000 r--s 0000e000 08:06 1183980    /home/robert/.ivy2/cache/org.hibernate/hibernate-commons-annotations/jars/hibernate-commons-annotations-3.1.0.GA.jar
8791f000-87927000 r--s 0005b000 08:06 1056676    /home/robert/.ivy2/cache/org.springframework/org.springframework.web.servlet/jars/org.springframework.web.servlet-3.0.3.RELEASE.jar
87927000-87930000 r--s 00056000 08:06 1056668    /home/robert/.ivy2/cache/org.springframework/org.springframework.web/jars/org.springframework.web-3.0.3.RELEASE.jar
87930000-87937000 r--s 00032000 08:06 1056666    /home/robert/.ivy2/cache/org.springframework/org.springframework.transaction/jars/org.springframework.transaction-3.0.3.RELEASE.jar
87937000-87939000 r--s 0000d000 08:06 1056664    /home/robert/.ivy2/cache/org.springframework/org.springframework.oxm/jars/org.springframework.oxm-3.0.3.RELEASE.jar
87939000-87941000 r--s 0004a000 08:06 1056661    /home/robert/.ivy2/cache/org.springframework/org.springframework.orm/jars/org.springframework.orm-3.0.3.RELEASE.jar
87941000-87946000 r--s 00029000 08:06 1056659    /home/robert/.ivy2/cache/org.springframework/org.springframework.jms/jars/org.springframework.jms-3.0.3.RELEASE.jar
87946000-8794f000 r--s 00054000 08:06 1056657    /home/robert/.ivy2/cache/org.springframework/org.springframework.jdbc/jars/org.springframework.jdbc-3.0.3.RELEASE.jar
8794f000-87950000 r--s 00000000 08:06 1056655    /home/robert/.ivy2/cache/org.springframework/org.springframework.instrument/jars/org.springframework.instrument-3.0.3.RELEASE.jar
87950000-87954000 r--s 00024000 08:06 1056653    /home/robert/.ivy2/cache/org.springframework/org.springframework.expression/jars/org.springframework.expression-3.0.3.RELEASE.jar
87954000-87957000 r--s 00016000 08:06 1056651    /home/robert/.ivy2/cache/org.springframework/org.springframework.context.support/jars/org.springframework.context.support-3.0.3.RELEASE.jar
87957000-87968000 r--s 00091000 08:06 1056649    /home/robert/.ivy2/cache/org.springframework/org.springframework.context/jars/org.springframework.context-3.0.3.RELEASE.jar
87968000-87974000 r--s 0007c000 08:06 1056647    /home/robert/.ivy2/cache/org.springframework/org.springframework.beans/jars/org.springframework.beans-3.0.3.RELEASE.jar
87974000-87975000 r--s 0000c000 08:06 1056645    /home/robert/.ivy2/cache/org.springframework/org.springframework.asm/jars/org.springframework.asm-3.0.3.RELEASE.jar
87975000-87977000 r--s 00006000 08:06 1056643    /home/robert/.ivy2/cache/org.springframework/org.springframework.aspects/jars/org.springframework.aspects-3.0.3.RELEASE.jar
87977000-87980000 r--s 00046000 08:06 1056641    /home/robert/.ivy2/cache/org.springframework/org.springframework.aop/jars/org.springframework.aop-3.0.3.RELEASE.jar
87980000-87989000 r--s 00051000 08:06 1056639    /home/robert/.ivy2/cache/org.springframework/org.springframework.core/jars/org.springframework.core-3.0.3.RELEASE.jar
87989000-8798b000 r--s 0000d000 08:06 1057582    /home/robert/.ivy2/cache/org.grails/grails-spring/jars/grails-spring-1.3.5.jar
8798b000-87996000 r--s 00087000 08:06 1057581    /home/robert/.ivy2/cache/org.grails/grails-gorm/jars/grails-gorm-1.3.5.jar
87996000-87998000 r--s 0000c000 08:06 1057571    /home/robert/.ivy2/cache/org.grails/grails-crud/jars/grails-crud-1.3.5.jar
87998000-8799e000 r--s 00027000 08:06 1056631    /home/robert/.ivy2/cache/opensymphony/sitemesh/jars/sitemesh-2.4.jar
8799e000-879a1000 r--s 0000a000 08:06 1056629    /home/robert/.ivy2/cache/org.hibernate/ejb3-persistence/jars/ejb3-persistence-1.0.2.GA.jar
879a1000-879a3000 r--s 00002000 08:06 1056627    /home/robert/.ivy2/cache/javax.transaction/jta/jars/jta-1.1.jar
879a3000-879a7000 r--s 0003c000 08:06 929290     /home/robert/.ivy2/cache/commons-lang/commons-lang/jars/commons-lang-2.4.jar
879a7000-879aa000 r--s 00018000 08:06 929288     /home/robert/.ivy2/cache/commons-io/commons-io/jars/commons-io-1.4.jar
879aa000-879b8000 r--s 0007f000 08:06 929286     /home/robert/.ivy2/cache/commons-collections/commons-collections/jars/commons-collections-3.2.1.jar
879b8000-879ba000 r--s 0000a000 08:06 929284     /home/robert/.ivy2/cache/commons-codec/commons-codec/jars/commons-codec-1.3.jar
879ba000-879bc000 r--s 00000000 08:06 929282     /home/robert/.ivy2/cache/aopalliance/aopalliance/jars/aopalliance-1.0.jar
879bc000-879bf000 r--s 0001f000 08:06 929280     /home/robert/.ivy2/cache/commons-validator/commons-validator/jars/commons-validator-1.3.1.jar
879bf000-879c2000 r--s 00019000 08:06 797120     /home/robert/.ivy2/cache/commons-el/commons-el/jars/commons-el-1.0.jar
879c2000-879c7000 r--s 00034000 08:06 929278     /home/robert/.ivy2/cache/commons-beanutils/commons-beanutils/jars/commons-beanutils-1.8.0.jar
879c7000-87a19000 r--s 004e9000 08:06 929388     /home/robert/.ivy2/cache/org.codehaus.groovy/groovy-all/jars/groovy-all-1.7.5.jar
87a19000-87a1c000 r--s 00016000 08:06 797032     /home/robert/.ivy2/cache/javax.servlet/jsp-api/jars/jsp-api-2.1.jar
87a1c000-87a1f000 r--s 0001e000 08:06 797030     /home/robert/.ivy2/cache/javax.servlet/servlet-api/jars/servlet-api-2.5.jar
87a1f000-87a22000 r--s 0001b000 08:06 2104557    /home/robert/projects/netbeans/gscf/lib/ontoCAT_v0.9.4.jar
87a22000-87a2d000 r--s 0005f000 08:06 2104565    /home/robert/projects/netbeans/gscf/lib/xstream-1.3.1.jar
87a2d000-87a2f000 r--s 00006000 08:06 2104560    /home/robert/projects/netbeans/gscf/lib/jaxrpc.jar
87a2f000-87a4a000 r--s 0015d000 08:06 2104564    /home/robert/projects/netbeans/gscf/lib/poi-3.6-20091214.jar
87a4a000-87a51000 r--s 000aa000 08:06 2104561    /home/robert/projects/netbeans/gscf/lib/mysql-connector-java-5.1.8-bin.jar
87a51000-87a52000 r--s 00006000 08:06 2104562    /home/robert/projects/netbeans/gscf/lib/ols-client.jar
87a52000-87a55000 r--s 00041000 08:06 2104563    /home/robert/projects/netbeans/gscf/lib/serializer.jar
87a55000-87a5a000 r--s 0004b000 08:06 2104559    /home/robert/projects/netbeans/gscf/lib/postgresql-jdbc3.jar
87a5a000-87a5c000 r--s 00008000 08:06 798160     /home/robert/.ivy2/cache/com.googlecode.concurrentlinkedhashmap/concurrentlinkedhashmap-lru/jars/concurrentlinkedhashmap-lru-1.0_jdk5.jar
87a5c000-87a62000 r--s 0002d000 08:06 797018     /home/robert/.ivy2/cache/org.springframework/org.springframework.test/jars/org.springframework.test-3.0.3.RELEASE.jar
87a62000-87a63000 r--s 00002000 08:06 797016     /home/robert/.ivy2/cache/org.slf4j/slf4j-log4j12/jars/slf4j-log4j12-1.5.8.jar
87a63000-87a64000 r--s 00005000 08:06 797014     /home/robert/.ivy2/cache/org.slf4j/slf4j-api/jars/slf4j-api-1.5.8.jar
87a64000-87a7f000 r--s 001a2000 08:06 798158     /home/robert/.ivy2/cache/org.grails/grails-web/jars/grails-web-1.3.5.jar
87a7f000-87a81000 r--s 00031000 08:06 798157     /home/robert/.ivy2/cache/org.grails/grails-resources/jars/grails-resources-1.3.5.jar
87a81000-87a90000 r--s 000c4000 08:06 798156     /home/robert/.ivy2/cache/org.grails/grails-core/jars/grails-core-1.3.5.jar
87a90000-87a9d000 r--s 00122000 08:06 798155     /home/robert/.ivy2/cache/org.grails/grails-scripts/jars/grails-scripts-1.3.5.jar
87a9d000-87aa2000 r--s 00041000 08:06 798154     /home/robert/.ivy2/cache/org.grails/grails-bootstrap/jars/grails-bootstrap-1.3.5.jar
87aa2000-87aa5000 r--s 00031000 08:06 798153     /home/robert/.ivy2/cache/org.grails/grails-docs/jars/grails-docs-1.3.5.jar
87aa5000-87aa8000 r--s 00041000 08:06 797000     /home/robert/.ivy2/cache/xalan/serializer/jars/serializer-2.7.1.jar
87aa8000-87aaa000 r--s 00008000 08:06 796998     /home/robert/.ivy2/cache/org.fusesource.jansi/jansi/jars/jansi-1.2.1.jar
87aaa000-87aad000 ---p 00000000 00:00 0 
87aad000-87afb000 rw-p 00000000 00:00 0 
87afb000-87afe000 ---p 00000000 00:00 0 
87afe000-87b4c000 rw-p 00000000 00:00 0 
87b4c000-87b4f000 ---p 00000000 00:00 0 
87b4f000-87b9d000 rw-p 00000000 00:00 0 
87b9d000-87ba0000 ---p 00000000 00:00 0 
87ba0000-87bee000 rw-p 00000000 00:00 0 
87bee000-87bf0000 r--s 00014000 08:06 796996     /home/robert/.ivy2/cache/jline/jline/jars/jline-0.9.94.jar
87bf0000-87bf8000 r--s 00062000 08:06 796992     /home/robert/.ivy2/cache/org.apache.ant/ant-nodeps/jars/ant-nodeps-1.7.1.jar
87bf8000-87bfa000 r--s 00015000 08:06 796990     /home/robert/.ivy2/cache/org.apache.ant/ant-junit/jars/ant-junit-1.7.1.jar
87bfa000-87c0e000 r--s 0012f000 08:06 796986     /home/robert/.ivy2/cache/org.apache.ant/ant/jars/ant-1.7.1.jar
87c0e000-87c24000 r--s 001b3000 08:06 796984     /home/robert/.ivy2/cache/org.tmatesoft.svnkit/svnkit/jars/svnkit-1.3.1.jar
87c24000-87c2b000 r--s 0005a000 08:06 796982     /home/robert/.ivy2/cache/org.codehaus.gpars/gpars/jars/gpars-0.9.jar
87c2b000-87c2e000 ---p 00000000 00:00 0 
87c2e000-87c7c000 rw-p 00000000 00:00 0 
87c7c000-87cdc000 r--s 00db5000 08:06 4204994    /usr/lib/jvm/java-6-openjdk/lib/tools.jar
87cdc000-87cf0000 r--s 0012f000 08:06 797780     /home/robert/tools/grails-1.3.5/lib/ant-1.7.1.jar
87cf0000-87cf5000 r--s 00049000 08:06 797806     /home/robert/tools/grails-1.3.5/lib/gant_groovy1.7-1.9.2.jar
87cf5000-87d04000 r--s 000d0000 08:06 797816     /home/robert/tools/grails-1.3.5/lib/ivy-2.1.0.jar
87d04000-87d0b000 r--s 0005a000 08:06 797807     /home/robert/tools/grails-1.3.5/lib/gpars-0.9.jar
87d0b000-87d0e000 r--s 0007a000 08:06 4196313    /usr/lib/jvm/java-6-openjdk/jre/lib/jsse.jar
87d0e000-87d13000 r--s 00041000 08:06 798120     /home/robert/tools/grails-1.3.5/dist/grails-bootstrap-1.3.5.jar
87d13000-87d65000 r--s 004e9000 08:06 797808     /home/robert/tools/grails-1.3.5/lib/groovy-all-1.7.5.jar
87d65000-87d6e000 r--s 00065000 08:06 4596250    /usr/share/java/gnome-java-bridge.jar
87d6e000-87d6f000 ---p 00000000 00:00 0 
87d6f000-87def000 rw-p 00000000 00:00 0 
87def000-87df2000 ---p 00000000 00:00 0 
87df2000-87e40000 rw-p 00000000 00:00 0 
87e40000-87e43000 ---p 00000000 00:00 0 
87e43000-87ec1000 rw-p 00000000 00:00 0 
87ec1000-87ec4000 ---p 00000000 00:00 0 
87ec4000-87f42000 rw-p 00000000 00:00 0 
87f42000-87f45000 ---p 00000000 00:00 0 
87f45000-87f93000 rw-p 00000000 00:00 0 
87f93000-87f9a000 r--s 00000000 08:06 4208622    /usr/lib/gconv/gconv-modules.cache
87f9a000-87fd9000 r--p 00000000 08:06 4202144    /usr/lib/locale/en_US.utf8/LC_CTYPE
87fd9000-87fdc000 ---p 00000000 00:00 0 
87fdc000-8802a000 rw-p 00000000 00:00 0 
8802a000-8802d000 ---p 00000000 00:00 0 
8802d000-8807b000 rw-p 00000000 00:00 0 
8807b000-8807c000 ---p 00000000 00:00 0 
8807c000-8812f000 rw-p 00000000 00:00 0 
8812f000-882c2000 r--s 03918000 08:06 4204768    /usr/lib/jvm/java-6-openjdk/jre/lib/rt.jar
882c2000-882c3000 ---p 00000000 00:00 0 
882c3000-88343000 rw-p 00000000 00:00 0 
88343000-88344000 ---p 00000000 00:00 0 
88344000-883e8000 rw-p 00000000 00:00 0 
883e8000-88424000 rw-p 00000000 00:00 0 
88424000-88464000 rw-p 00000000 00:00 0 
88464000-884cf000 rw-p 00000000 00:00 0 
884cf000-884f3000 rw-p 00000000 00:00 0 
884f3000-8852f000 rw-p 00000000 00:00 0 
8852f000-8856f000 rw-p 00000000 00:00 0 
8856f000-885d9000 rw-p 00000000 00:00 0 
885d9000-8862f000 rw-p 00000000 00:00 0 
8862f000-8cdd0000 rw-p 00000000 00:00 0 
8cdd0000-94630000 rw-p 00000000 00:00 0 
94630000-9c610000 rw-p 00000000 00:00 0 
9c610000-a9b90000 rw-p 00000000 00:00 0 
a9b90000-b4630000 rw-p 00000000 00:00 0 
b4630000-b464a000 rw-p 00000000 00:00 0 
b464a000-b46f0000 rw-p 00000000 00:00 0 
b46f0000-b4d58000 rwxp 00000000 00:00 0 
b4d58000-b76f0000 rw-p 00000000 00:00 0 
b76f0000-b76f3000 ---p 00000000 00:00 0 
b76f3000-b7744000 rw-p 00000000 00:00 0 
b7744000-b7745000 r--s 00001000 08:06 796994     /home/robert/.ivy2/cache/org.apache.ant/ant-trax/jars/ant-trax-1.7.1.jar
b7745000-b7746000 r--s 00002000 08:06 796988     /home/robert/.ivy2/cache/org.apache.ant/ant-launcher/jars/ant-launcher-1.7.1.jar
b7746000-b7748000 r--s 00001000 08:06 4196295    /usr/lib/jvm/java-6-openjdk/jre/lib/ext/dnsns.jar
b7748000-b774b000 r--s 0000f000 08:06 4196299    /usr/lib/jvm/java-6-openjdk/jre/lib/ext/pulse-java.jar
b774b000-b7753000 rw-s 00000000 08:06 4727112    /tmp/hsperfdata_robert/4236
b7753000-b7754000 rw-p 00000000 00:00 0 
b7754000-b7755000 r--p 00000000 00:00 0 
b7755000-b7757000 rw-p 00000000 00:00 0 
bfabc000-bfad1000 rw-p 00000000 00:00 0          [stack]

VM Arguments:
jvm_args: -Xmx512M -XX:MaxPermSize=192m -Dfile.encoding=UTF-8 -Dserver.port=8080 -Djline.WindowsTerminal.directConsole=false -Dgrails.home=/home/robert/tools/grails-1.3.5 -Dtools.jar=/usr/lib/jvm/java-6-openjdk/lib/tools.jar 
java_command: org.codehaus.groovy.grails.cli.support.GrailsStarter --main org.codehaus.groovy.grails.cli.GrailsScriptRunner --conf /home/robert/tools/grails-1.3.5/conf/groovy-starter.conf --classpath  run-app
Launcher Type: SUN_STANDARD

Environment Variables:
JAVA_HOME=/usr/lib/jvm/java-6-openjdk
PATH=/usr/local/sbin:/usr/local/bin:/usr/sbin:/usr/bin:/sbin:/bin:/usr/games
USERNAME=robert
LD_LIBRARY_PATH=/usr/lib/jvm/java-6-openjdk/jre/lib/i386/server:/usr/lib/jvm/java-6-openjdk/jre/lib/i386:/usr/lib/jvm/java-6-openjdk/jre/../lib/i386:/usr/lib/jvm/java-6-openjdk/jre/lib/i386/client:/usr/lib/jvm/java-6-openjdk/jre/lib/i386:/usr/lib/jvm/java-6-openjdk/jre/../lib/i386
SHELL=/bin/bash
DISPLAY=:0.0

Signal Handlers:
SIGSEGV: [libjvm.so+0x5ec210], sa_mask[0]=0x7ffbfeff, sa_flags=0x10000004
SIGBUS: [libjvm.so+0x5ec210], sa_mask[0]=0x7ffbfeff, sa_flags=0x10000004
SIGFPE: [libjvm.so+0x4c9420], sa_mask[0]=0x7ffbfeff, sa_flags=0x10000004
SIGPIPE: [libjvm.so+0x4c9420], sa_mask[0]=0x7ffbfeff, sa_flags=0x10000004
SIGXFSZ: [libjvm.so+0x4c9420], sa_mask[0]=0x7ffbfeff, sa_flags=0x10000004
SIGILL: [libjvm.so+0x4c9420], sa_mask[0]=0x7ffbfeff, sa_flags=0x10000004
SIGUSR1: SIG_DFL, sa_mask[0]=0x00000000, sa_flags=0x00000000
SIGUSR2: [libjvm.so+0x4c8b10], sa_mask[0]=0x00000004, sa_flags=0x10000004
SIGHUP: [libjvm.so+0x4cb2c0], sa_mask[0]=0x7ffbfeff, sa_flags=0x10000004
SIGINT: SIG_IGN, sa_mask[0]=0x00000000, sa_flags=0x00000000
SIGTERM: [libjvm.so+0x4cb2c0], sa_mask[0]=0x7ffbfeff, sa_flags=0x10000004
SIGQUIT: [libjvm.so+0x4cb2c0], sa_mask[0]=0x7ffbfeff, sa_flags=0x10000004


---------------  S Y S T E M  ---------------

OS:Ubuntu 10.04 (lucid)
uname:Linux 2.6.32-25-generic #45-Ubuntu SMP Sat Oct 16 19:48:22 UTC 2010 i686
libc:glibc 2.11.1 NPTL 2.11.1 
rlimit: STACK 8192k, CORE 0k, NPROC infinity, NOFILE 1024, AS infinity
load average:3.64 1.96 1.29

CPU:total 2 (2 cores per cpu, 1 threads per core) family 6 model 23 stepping 10, cmov, cx8, fxsr, mmx, sse, sse2, sse3, ssse3

Memory: 4k page, physical 3029144k(1055964k free), swap 3617784k(3617784k free)

vm_info: OpenJDK Server VM (16.0-b13) for linux-x86 JRE (1.6.0_18-b18), built on Jul 27 2010 11:17:02 by "buildd" with gcc 4.4.3

time: Thu Oct 21 16:20:08 2010
elapsed time: 82 seconds

